2025-12-22 14:00:49,212 [    959]   WARN - #c.i.o.v.n.p.FSRecords - Records storage [/home/gnosticka/.cache/JetBrains/IntelliJIdea2025.2/caches/records.dat] was in use by process [OwnershipInfo{owner pid: 14200, acquired at: 1766290531267}] which is not exist now (wasn't closed properly/crashed?) -> re-acquiring forcibly
2025-12-22 14:00:49,238 [    985]   WARN - #c.i.o.v.n.p.PersistentFSLoader - [VFS load problem]: VFS wasn't safely shut down: records.wasClosedProperly is false
2025-12-22 14:00:50,992 [   2739]   WARN - #c.i.o.v.n.p.PersistentFSLoader - [VFS load problem]: NOT_CLOSED_PROPERLY recovered, no problems remain
2025-12-22 14:00:51,688 [   3435]   WARN - #c.i.o.w.i.PainterHelper - /home/gnosticka/Pictures/D1.png
java.nio.file.NoSuchFileException: /home/gnosticka/Pictures/D1.png
	at java.base/sun.nio.fs.UnixException.translateToIOException(UnixException.java:94)
	at java.base/sun.nio.fs.UnixException.rethrowAsIOException(UnixException.java:108)
	at java.base/sun.nio.fs.UnixException.rethrowAsIOException(UnixException.java:114)
	at java.base/sun.nio.fs.UnixFileSystemProvider.newByteChannel(UnixFileSystemProvider.java:261)
	at java.base/java.nio.file.Files.newByteChannel(Files.java:380)
	at java.base/java.nio.file.Files.newByteChannel(Files.java:432)
	at java.base/java.nio.file.spi.FileSystemProvider.newInputStream(FileSystemProvider.java:420)
	at com.intellij.platform.core.nio.fs.DelegatingFileSystemProvider.newInputStream(DelegatingFileSystemProvider.java:80)
	at java.base/java.nio.file.Files.newInputStream(Files.java:160)
	at com.intellij.openapi.wm.impl.PainterHelper$MyImagePainter.openImageInputStream(PainterHelper.java:572)
	at com.intellij.openapi.wm.impl.PainterHelper$MyImagePainter.loadImage(PainterHelper.java:579)
	at com.intellij.openapi.wm.impl.PainterHelper$MyImagePainter.lambda$loadImageAsync$1(PainterHelper.java:554)
	at com.intellij.openapi.application.impl.ApplicationImpl$4.run(ApplicationImpl.java:326)
	at java.base/java.util.concurrent.Executors$RunnableAdapter.call(Executors.java:572)
	at com.intellij.util.concurrency.ContextCallable.lambda$call$1(ContextCallable.java:86)
	at com.intellij.util.concurrency.ContextCallable.call(ContextCallable.java:95)
	at java.base/java.util.concurrent.FutureTask.run(FutureTask.java:317)
	at com.intellij.util.concurrency.ChildContext$runInChildContext$1.invoke(propagation.kt:167)
	at com.intellij.util.concurrency.ChildContext$runInChildContext$1.invoke(propagation.kt:167)
	at com.intellij.util.concurrency.ChildContext.runInChildContext(propagation.kt:173)
	at com.intellij.util.concurrency.ChildContext.runInChildContext(propagation.kt:167)
	at com.intellij.util.concurrency.ContextRunnable.run(ContextRunnable.java:27)
	at java.base/java.util.concurrent.ThreadPoolExecutor.runWorker(ThreadPoolExecutor.java:1144)
	at java.base/java.util.concurrent.ThreadPoolExecutor$Worker.run(ThreadPoolExecutor.java:642)
	at java.base/java.util.concurrent.Executors$PrivilegedThreadFactory$1$1.run(Executors.java:735)
	at java.base/java.util.concurrent.Executors$PrivilegedThreadFactory$1$1.run(Executors.java:732)
	at java.base/java.security.AccessController.doPrivileged(AccessController.java:400)
	at java.base/java.util.concurrent.Executors$PrivilegedThreadFactory$1.run(Executors.java:732)
	at java.base/java.lang.Thread.run(Thread.java:1583)
JCEF_V(00:55:951): Found cef_server binary '/home/gnosticka/Desktop/research_postgis/idea-IU-252.28238.7/jbr/lib/cef_server' via System.getProperty('java.home')=/home/gnosticka/Desktop/research_postgis/idea-IU-252.28238.7/jbr
JCEF_V(00:55:951): Java is started via native launcher. Found cef_server path /home/gnosticka/Desktop/research_postgis/idea-IU-252.28238.7/jbr/lib/cef_server (via system propety)
2025-12-22 14:00:56,231 [   7978]   WARN - #c.i.s.c.i.StationSocketConnectionLoop - RecentProjects connection failed with NoSuchFileException (/run/user/1000/jb.station.sock)
2025-12-22 14:00:57,268 [   9015]   WARN - #c.i.o.a.i.Utils - 1589 ms to expandActionGroup@popup@RunToolbarPopup
2025-12-22 14:00:57,839 [   9586]   WARN - #com.android.ddmlib - * daemon not running; starting now at tcp:5037
2025-12-22 14:00:57,856 [   9603]   WARN - #c.i.o.w.i.PainterHelper - Suppressed a frequent exception logged for the 2nd time: /home/gnosticka/Pictures/D1.png
2025-12-22 14:00:58,628 [  10375]   WARN - #c.i.o.f.i.EditorCompositeModelManager - Cannot use saved provider list (savedProviders={split-provider[text-editor;markdown-preview-editor]=[Element: <state/>]}, resolvedProvider=[])
2025-12-22 14:00:58,628 [  10375]   WARN - #c.i.o.f.i.EditorCompositeModelManager - Cannot use saved provider list (savedProviders={split-provider[text-editor;markdown-preview-editor]=[Element: <state/>]}, resolvedProvider=[])
2025-12-22 14:00:58,651 [  10398]   WARN - #c.i.o.f.i.FileEditorProviderManagerImpl - Please make class com.android.tools.idea.editors.manifest.GradleManifestEditorProvider dumb-aware
2025-12-22 14:00:58,651 [  10398]   WARN - #c.i.o.f.i.FileEditorProviderManagerImpl - Please make class com.android.tools.idea.editors.manifest.GradleManifestEditorProvider dumb-aware
2025-12-22 14:00:58,844 [  10591]   WARN - #com.android.ddmlib - * daemon started successfully
2025-12-22 14:00:59,080 [  10827]   WARN - #c.i.o.a.i.ActionUpdater - 3137 ms total to grab EDT 8 times to expand DefaultActionGroup#expandGroup@Git.Log.Branches (DefaultActionGroup). Use `ActionUpdateThread.BGT`.
2025-12-22 14:00:59,597 [  11344]   WARN - #c.i.o.a.i.ActionUpdater - 3067 ms total to grab EDT 8 times to expand DefaultActionGroup#expandGroup@Git.Log.Branches (DefaultActionGroup). Use `ActionUpdateThread.BGT`.
2025-12-22 14:01:00,206 [  11953]   WARN - #c.i.s.c.i.StationSocketConnectionLoop - Discovery connection failed with NoSuchFileException (/run/user/1000/jb.station.sock)
2025-12-22 14:01:00,232 [  11979]   WARN - #c.i.o.a.i.ActionUpdater - 3473 ms total to grab EDT 8 times to expand DefaultActionGroup#expandGroup@Git.Log.Branches (DefaultActionGroup). Use `ActionUpdateThread.BGT`.
2025-12-22 14:01:01,305 [  13052]   WARN - #c.i.o.a.i.ActionUpdater - 3898 ms total to grab EDT 8 times to expand DefaultActionGroup#expandGroup@Git.Log.Branches (DefaultActionGroup). Use `ActionUpdateThread.BGT`.
2025-12-22 14:01:01,357 [  13104]   WARN - #c.i.p.j.n.WebTypesNpmLoader - Failed to fetch packages for '@web-types' (Full Text): Request failed with status code 429
2025-12-22 14:04:19,665 [ 211412]   WARN - #c.i.p.j.n.WebTypesNpmLoader - Failed to fetch packages for '@web-types' (Full Text): Request failed with status code 429
1000
2025-12-22 14:09:18,863 [ 510610]   WARN - #c.i.u.i.p.ProjectIndexableFilesFilterHealthCheck - Following files are indexable but they were NOT found in filter. Errors count: 1. Examples:
file id=518931 path=/home/gnosticka/Project/portfolio/gnostex-backend-api/Dockerfile
2025-12-22 14:15:01,784 [ 853531]   WARN - #c.i.o.a.i.ActionUpdater - 332 ms to call on EDT ExpandAllAction#presentation@TodoViewToolbar (ExpandAllAction). Revise AnAction.getActionUpdateThread property
com.intellij.diagnostic.PluginException: 332 ms to call on EDT ExpandAllAction#presentation@TodoViewToolbar (ExpandAllAction). Revise AnAction.getActionUpdateThread property
	at com.intellij.diagnostic.PluginProblemReporterImpl.createPluginExceptionByClass(PluginProblemReporterImpl.java:23)
	at com.intellij.diagnostic.PluginException.createByClass(PluginException.java:90)
	at com.intellij.openapi.actionSystem.impl.ActionUpdaterKt.reportSlowEdtOperation(ActionUpdater.kt:700)
	at com.intellij.openapi.actionSystem.impl.ActionUpdaterKt.access$reportSlowEdtOperation(ActionUpdater.kt:1)
	at com.intellij.openapi.actionSystem.impl.ActionUpdater.computeOnEdt(ActionUpdater.kt:206)
	at com.intellij.openapi.actionSystem.impl.ActionUpdater.access$computeOnEdt(ActionUpdater.kt:76)
	at com.intellij.openapi.actionSystem.impl.ActionUpdater$computeOnEdt$1.invokeSuspend(ActionUpdater.kt)
	at kotlin.coroutines.jvm.internal.BaseContinuationImpl.resumeWith(ContinuationImpl.kt:33)
	at kotlinx.coroutines.DispatchedTask.run(DispatchedTask.kt:100)
	at kotlinx.coroutines.internal.LimitedDispatcher$Worker.run(LimitedDispatcher.kt:113)
	at kotlinx.coroutines.scheduling.TaskImpl.run(Tasks.kt:89)
	at kotlinx.coroutines.scheduling.CoroutineScheduler.runSafely(CoroutineScheduler.kt:613)
	at kotlinx.coroutines.scheduling.CoroutineScheduler$Worker.executeTask(CoroutineScheduler.kt:1189)
	at kotlinx.coroutines.scheduling.CoroutineScheduler$Worker.runWorker(CoroutineScheduler.kt:778)
	at kotlinx.coroutines.scheduling.CoroutineScheduler$Worker.run(CoroutineScheduler.kt:765)
2025-12-22 14:41:20,755 [2432502]   WARN - #c.i.o.v.i.h.RemoteFileInfoImpl - Virtual local file not found for /home/gnosticka/.cache/JetBrains/IntelliJIdea2025.2/httpFileSystem/github-workflow.json
2025-12-22 14:41:21,068 [2432815] SEVERE - #c.i.o.v.i.h.HttpVirtualFileImpl - Schema loading failure report. SchemaPath: www.schemastore.org/github-workflow.json, File exists: false, isFile: false, File length: -2 bytes, Can read: false, Error message: '/home/gnosticka/.cache/JetBrains/IntelliJIdea2025.2/httpFileSystem/github-workflow.json' does not exist in VFS, Failed to map HttpVirtualFile:www.schemastore.org/github-workflow.json, info=state=ERROR_OCCURRED, local file=/home/gnosticka/.cache/JetBrains/IntelliJIdea2025.2/httpFileSystem/github-workflow.json, error='/home/gnosticka/.cache/JetBrains/IntelliJIdea2025.2/httpFileSystem/github-workflow.json' does not exist in VFS (filesystem com.intellij.openapi.vfs.impl.http.HttpsFileSystem@269b4a0e) into nio Path, State: ERROR_OCCURRED, syncRefreshFileIsNull: true, syncRefreshFileIsValid: false
java.lang.Throwable: Schema loading failure report. SchemaPath: www.schemastore.org/github-workflow.json, File exists: false, isFile: false, File length: -2 bytes, Can read: false, Error message: '/home/gnosticka/.cache/JetBrains/IntelliJIdea2025.2/httpFileSystem/github-workflow.json' does not exist in VFS, Failed to map HttpVirtualFile:www.schemastore.org/github-workflow.json, info=state=ERROR_OCCURRED, local file=/home/gnosticka/.cache/JetBrains/IntelliJIdea2025.2/httpFileSystem/github-workflow.json, error='/home/gnosticka/.cache/JetBrains/IntelliJIdea2025.2/httpFileSystem/github-workflow.json' does not exist in VFS (filesystem com.intellij.openapi.vfs.impl.http.HttpsFileSystem@269b4a0e) into nio Path, State: ERROR_OCCURRED, syncRefreshFileIsNull: true, syncRefreshFileIsValid: false
	at com.intellij.openapi.diagnostic.Logger.error(Logger.java:375)
	at com.jetbrains.jsonSchema.widget.FailedSchemaLoadingDiagnosticsKt$logSchemaDownloadFailureDiagnostics$1.invokeSuspend(failedSchemaLoadingDiagnostics.kt:45)
	at kotlin.coroutines.jvm.internal.BaseContinuationImpl.resumeWith(ContinuationImpl.kt:33)
	at kotlinx.coroutines.DispatchedTask.run(DispatchedTask.kt:100)
	at kotlinx.coroutines.scheduling.CoroutineScheduler.runSafely(CoroutineScheduler.kt:613)
	at kotlinx.coroutines.scheduling.CoroutineScheduler$Worker.executeTask(CoroutineScheduler.kt:1189)
	at kotlinx.coroutines.scheduling.CoroutineScheduler$Worker.runWorker(CoroutineScheduler.kt:778)
	at kotlinx.coroutines.scheduling.CoroutineScheduler$Worker.run(CoroutineScheduler.kt:765)
2025-12-22 14:41:21,068 [2432815] SEVERE - #c.i.o.v.i.h.HttpVirtualFileImpl - IntelliJ IDEA 2025.2.5  Build #IU-252.28238.7
2025-12-22 14:41:21,069 [2432816] SEVERE - #c.i.o.v.i.h.HttpVirtualFileImpl - JDK: 21.0.9; VM: OpenJDK 64-Bit Server VM; Vendor: JetBrains s.r.o.
2025-12-22 14:41:21,069 [2432816] SEVERE - #c.i.o.v.i.h.HttpVirtualFileImpl - OS: Linux
2025-12-22 14:41:21,069 [2432816] SEVERE - #c.i.o.v.i.h.HttpVirtualFileImpl - Last Action: Git.Configure.Remotes
1000
2025-12-22 14:44:01,476 [2593223]   WARN - #c.i.o.v.i.h.HttpVirtualFileImpl - Suppressed a frequent exception logged for the 2nd time: Schema loading failure report. SchemaPath: www.schemastore.org/github-workflow.json, File exists: false, isFile: false, File length: -2 bytes, Can read: false, Error message: '/home/gnosticka/.cache/JetBrains/IntelliJIdea2025.2/httpFileSystem/github-workflow.json' does not exist in VFS, Failed to...
1000
1000
1000
1000
1000
2025-12-22 18:18:23,364 [15455111]   WARN - #o.j.k.i.s.r.KotlinCompilerReferenceIndexStorage - kotlin-data-container is not found
1000
1000
